c:\users\s152227\documents\visual studio 2015\projects\code s\debug\vc140.pdb
c:\users\s152227\documents\visual studio 2015\projects\code s\debug\vc140.idb
c:\users\s152227\documents\visual studio 2015\projects\code s\debug\debugcamera.obj
c:\users\s152227\documents\visual studio 2015\projects\code s\debug\direct3d.obj
c:\users\s152227\documents\visual studio 2015\projects\code s\debug\directxtk.obj
c:\users\s152227\documents\visual studio 2015\projects\code s\debug\gamemain.obj
c:\users\s152227\documents\visual studio 2015\projects\code s\debug\grid.obj
c:\users\s152227\documents\visual studio 2015\projects\code s\debug\fpstimer.obj
c:\users\s152227\documents\visual studio 2015\projects\code s\debug\landshapedata.obj
c:\users\s152227\documents\visual studio 2015\projects\code s\debug\line.obj
c:\users\s152227\documents\visual studio 2015\projects\code s\debug\main.obj
c:\users\s152227\documents\visual studio 2015\projects\code s\debug\texture.obj
c:\users\s152227\documents\visual studio 2015\projects\code s\debug\landshape.obj
c:\users\s152227\documents\visual studio 2015\projects\code s\debug\object3d.obj
c:\users\s152227\documents\visual studio 2015\projects\code s\debug\camera.obj
c:\users\s152227\documents\visual studio 2015\projects\code s\debug\collisionnode.obj
c:\users\s152227\documents\visual studio 2015\projects\code s\debug\gamemanager.obj
c:\users\s152227\documents\visual studio 2015\projects\code s\debug\collisionmanager.obj
c:\users\s152227\documents\visual studio 2015\projects\code s\debug\playscene.obj
c:\users\s152227\documents\visual studio 2015\projects\code s\debug\stage.obj
c:\users\s152227\documents\visual studio 2015\projects\code s\debug\player.obj
c:\users\s152227\documents\visual studio 2015\projects\code s\debug\playermove.obj
c:\users\s152227\documents\visual studio 2015\projects\code s\debug\fpscamera.obj
c:\users\s152227\documents\visual studio 2015\projects\code s\debug\clearmarker.obj
c:\users\s152227\documents\visual studio 2015\projects\code s\debug\culling.obj
c:\users\s152227\documents\visual studio 2015\projects\code s\debug\enemy.obj
c:\users\s152227\documents\visual studio 2015\projects\code s\debug\debug.obj
c:\users\s152227\documents\visual studio 2015\projects\code s\debug\marker.obj
c:\users\s152227\documents\visual studio 2015\projects\code s\debug\collision.obj
c:\users\s152227\documents\visual studio 2015\projects\code s\debug\event.obj
c:\users\s152227\documents\visual studio 2015\projects\code s\debug\scenemanager.obj
c:\users\s152227\documents\visual studio 2015\projects\code s\debug\titlescene.obj
c:\users\s152227\documents\visual studio 2015\projects\code s\debug\clearscene.obj
c:\users\s152227\documents\visual studio 2015\projects\code s\debug\gameoverscene.obj
c:\users\s152227\documents\visual studio 2015\projects\code s\debug\tpscamera.obj
c:\users\s152227\documents\visual studio 2015\projects\code s\debug\tpsmode.obj
c:\users\s152227\documents\visual studio 2015\projects\code s\debug\flash.obj
c:\users\s152227\documents\visual studio 2015\projects\code s\debug\sprite.obj
c:\users\s152227\documents\visual studio 2015\projects\code s\debug\spritemanager.obj
c:\users\s152227\documents\visual studio 2015\projects\code s\debug\lerp.obj
c:\users\s152227\documents\visual studio 2015\projects\code s\debug\gameoverstate.obj
c:\users\s152227\documents\visual studio 2015\projects\code s\debug\clearstate.obj
c:\users\s152227\documents\visual studio 2015\projects\code s\debug\gamebase.obj
c:\users\s152227\documents\visual studio 2015\projects\code s\debug\window.obj
c:\users\s152227\documents\visual studio 2015\projects\code s\debug\resultstage.obj
c:\users\s152227\documents\visual studio 2015\projects\code s\debug\fpsmode.obj
c:\users\s152227\documents\visual studio 2015\projects\code s\debug\code s.ilk
c:\users\s152227\documents\visual studio 2015\projects\code s\debug\code s.exe
c:\users\s152227\documents\visual studio 2015\projects\code s\debug\code s.pdb
c:\users\s152227\documents\visual studio 2015\projects\code s\resources\cmodels\playerbody.cmo
c:\users\s152227\documents\visual studio 2015\projects\code s\resources\cmodels\_program files (x86)_microsoft visual studio 14.0_common7_ide_extensions_microsoft_vsgraphics_assets_effects_phong.dgsl.cso
c:\users\s152227\documents\visual studio 2015\projects\code s\resources\cmodels\playerhead.cmo
c:\users\s152227\documents\visual studio 2015\projects\code s\resources\cmodels\marker.cmo
c:\users\s152227\documents\visual studio 2015\projects\code s\resources\cmodels\enemy.cmo
c:\users\s152227\documents\visual studio 2015\projects\code s\resources\cmodels\hitsphere.cmo
c:\users\s152227\documents\visual studio 2015\projects\code s\resources\cmodels\box.cmo
c:\users\s152227\documents\visual studio 2015\projects\code s\resources\models\display.fbm\digital.png
c:\users\s152227\documents\visual studio 2015\projects\code s\resources\cmodels\display.cmo
c:\users\s152227\documents\visual studio 2015\projects\code s\resources\cmodels\_users_s152227_documents_visual studio 2015_projects_code s_resources_models_display.fbm_digital.png.dds
c:\users\s152227\documents\visual studio 2015\projects\code s\resources\cmodels\floor.cmo
c:\users\s152227\documents\visual studio 2015\projects\code s\resources\models\wall.fbm\wall.png
c:\users\s152227\documents\visual studio 2015\projects\code s\resources\cmodels\wall.cmo
c:\users\s152227\documents\visual studio 2015\projects\code s\resources\cmodels\_users_s152227_documents_visual studio 2015_projects_code s_resources_models_wall.fbm_wall.png.dds
c:\users\s152227\documents\visual studio 2015\projects\code s\debug\code s.res
c:\users\s152227\documents\visual studio 2015\projects\code s\debug\code s.tlog\cl.command.1.tlog
c:\users\s152227\documents\visual studio 2015\projects\code s\debug\code s.tlog\cl.read.1.tlog
c:\users\s152227\documents\visual studio 2015\projects\code s\debug\code s.tlog\cl.write.1.tlog
c:\users\s152227\documents\visual studio 2015\projects\code s\debug\code s.tlog\link.command.1.tlog
c:\users\s152227\documents\visual studio 2015\projects\code s\debug\code s.tlog\link.read.1.tlog
c:\users\s152227\documents\visual studio 2015\projects\code s\debug\code s.tlog\link.write.1.tlog
c:\users\s152227\documents\visual studio 2015\projects\code s\debug\code s.tlog\meshcontenttask-vsgraphics.10316.read.1.tlog
c:\users\s152227\documents\visual studio 2015\projects\code s\debug\code s.tlog\meshcontenttask-vsgraphics.10316.write.1.tlog
c:\users\s152227\documents\visual studio 2015\projects\code s\debug\code s.tlog\meshcontenttask-vsgraphics.10420.read.1.tlog
c:\users\s152227\documents\visual studio 2015\projects\code s\debug\code s.tlog\meshcontenttask-vsgraphics.10420.write.1.tlog
c:\users\s152227\documents\visual studio 2015\projects\code s\debug\code s.tlog\meshcontenttask-vsgraphics.10636.read.1.tlog
c:\users\s152227\documents\visual studio 2015\projects\code s\debug\code s.tlog\meshcontenttask-vsgraphics.10636.write.1.tlog
c:\users\s152227\documents\visual studio 2015\projects\code s\debug\code s.tlog\meshcontenttask-vsgraphics.10764.read.1.tlog
c:\users\s152227\documents\visual studio 2015\projects\code s\debug\code s.tlog\meshcontenttask-vsgraphics.10764.write.1.tlog
c:\users\s152227\documents\visual studio 2015\projects\code s\debug\code s.tlog\meshcontenttask-vsgraphics.11052.read.1.tlog
c:\users\s152227\documents\visual studio 2015\projects\code s\debug\code s.tlog\meshcontenttask-vsgraphics.11052.write.1.tlog
c:\users\s152227\documents\visual studio 2015\projects\code s\debug\code s.tlog\meshcontenttask-vsgraphics.11080.read.1.tlog
c:\users\s152227\documents\visual studio 2015\projects\code s\debug\code s.tlog\meshcontenttask-vsgraphics.11080.write.1.tlog
c:\users\s152227\documents\visual studio 2015\projects\code s\debug\code s.tlog\meshcontenttask-vsgraphics.11576.read.1.tlog
c:\users\s152227\documents\visual studio 2015\projects\code s\debug\code s.tlog\meshcontenttask-vsgraphics.11576.write.1.tlog
c:\users\s152227\documents\visual studio 2015\projects\code s\debug\code s.tlog\meshcontenttask-vsgraphics.12932.read.1.tlog
c:\users\s152227\documents\visual studio 2015\projects\code s\debug\code s.tlog\meshcontenttask-vsgraphics.12932.write.1.tlog
c:\users\s152227\documents\visual studio 2015\projects\code s\debug\code s.tlog\meshcontenttask-vsgraphics.13008.read.1.tlog
c:\users\s152227\documents\visual studio 2015\projects\code s\debug\code s.tlog\meshcontenttask-vsgraphics.13008.write.1.tlog
c:\users\s152227\documents\visual studio 2015\projects\code s\debug\code s.tlog\meshcontenttask-vsgraphics.14404.read.1.tlog
c:\users\s152227\documents\visual studio 2015\projects\code s\debug\code s.tlog\meshcontenttask-vsgraphics.14404.write.1.tlog
c:\users\s152227\documents\visual studio 2015\projects\code s\debug\code s.tlog\meshcontenttask-vsgraphics.14584.read.1.tlog
c:\users\s152227\documents\visual studio 2015\projects\code s\debug\code s.tlog\meshcontenttask-vsgraphics.14584.write.1.tlog
c:\users\s152227\documents\visual studio 2015\projects\code s\debug\code s.tlog\meshcontenttask-vsgraphics.2272.read.1.tlog
c:\users\s152227\documents\visual studio 2015\projects\code s\debug\code s.tlog\meshcontenttask-vsgraphics.2272.write.1.tlog
c:\users\s152227\documents\visual studio 2015\projects\code s\debug\code s.tlog\meshcontenttask-vsgraphics.2364.read.1.tlog
c:\users\s152227\documents\visual studio 2015\projects\code s\debug\code s.tlog\meshcontenttask-vsgraphics.2392.read.1.tlog
c:\users\s152227\documents\visual studio 2015\projects\code s\debug\code s.tlog\meshcontenttask-vsgraphics.2392.write.1.tlog
c:\users\s152227\documents\visual studio 2015\projects\code s\debug\code s.tlog\meshcontenttask-vsgraphics.3232.read.1.tlog
c:\users\s152227\documents\visual studio 2015\projects\code s\debug\code s.tlog\meshcontenttask-vsgraphics.3232.write.1.tlog
c:\users\s152227\documents\visual studio 2015\projects\code s\debug\code s.tlog\meshcontenttask-vsgraphics.5016.read.1.tlog
c:\users\s152227\documents\visual studio 2015\projects\code s\debug\code s.tlog\meshcontenttask-vsgraphics.5016.write.1.tlog
c:\users\s152227\documents\visual studio 2015\projects\code s\debug\code s.tlog\meshcontenttask-vsgraphics.5064.read.1.tlog
c:\users\s152227\documents\visual studio 2015\projects\code s\debug\code s.tlog\meshcontenttask-vsgraphics.5064.write.1.tlog
c:\users\s152227\documents\visual studio 2015\projects\code s\debug\code s.tlog\meshcontenttask-vsgraphics.6132.read.1.tlog
c:\users\s152227\documents\visual studio 2015\projects\code s\debug\code s.tlog\meshcontenttask-vsgraphics.6132.write.1.tlog
c:\users\s152227\documents\visual studio 2015\projects\code s\debug\code s.tlog\meshcontenttask-vsgraphics.6660.read.1.tlog
c:\users\s152227\documents\visual studio 2015\projects\code s\debug\code s.tlog\meshcontenttask-vsgraphics.6660.write.1.tlog
c:\users\s152227\documents\visual studio 2015\projects\code s\debug\code s.tlog\meshcontenttask-vsgraphics.6692.read.1.tlog
c:\users\s152227\documents\visual studio 2015\projects\code s\debug\code s.tlog\meshcontenttask-vsgraphics.6692.write.1.tlog
c:\users\s152227\documents\visual studio 2015\projects\code s\debug\code s.tlog\meshcontenttask-vsgraphics.6728.read.1.tlog
c:\users\s152227\documents\visual studio 2015\projects\code s\debug\code s.tlog\meshcontenttask-vsgraphics.6728.write.1.tlog
c:\users\s152227\documents\visual studio 2015\projects\code s\debug\code s.tlog\meshcontenttask-vsgraphics.7372.read.1.tlog
c:\users\s152227\documents\visual studio 2015\projects\code s\debug\code s.tlog\meshcontenttask-vsgraphics.7372.write.1.tlog
c:\users\s152227\documents\visual studio 2015\projects\code s\debug\code s.tlog\meshcontenttask-vsgraphics.8196.read.1.tlog
c:\users\s152227\documents\visual studio 2015\projects\code s\debug\code s.tlog\meshcontenttask-vsgraphics.8196.write.1.tlog
c:\users\s152227\documents\visual studio 2015\projects\code s\debug\code s.tlog\meshcontenttask-vsgraphics.8516.read.1.tlog
c:\users\s152227\documents\visual studio 2015\projects\code s\debug\code s.tlog\meshcontenttask-vsgraphics.8516.write.1.tlog
c:\users\s152227\documents\visual studio 2015\projects\code s\debug\code s.tlog\meshcontenttask-vsgraphics.9044.read.1.tlog
c:\users\s152227\documents\visual studio 2015\projects\code s\debug\code s.tlog\meshcontenttask-vsgraphics.9044.write.1.tlog
c:\users\s152227\documents\visual studio 2015\projects\code s\debug\code s.tlog\meshcontenttask-vsgraphics.9472.read.1.tlog
c:\users\s152227\documents\visual studio 2015\projects\code s\debug\code s.tlog\meshcontenttask-vsgraphics.9472.write.1.tlog
c:\users\s152227\documents\visual studio 2015\projects\code s\debug\code s.tlog\meshcontenttask-vsgraphics.9712.read.1.tlog
c:\users\s152227\documents\visual studio 2015\projects\code s\debug\code s.tlog\meshcontenttask-vsgraphics.9712.write.1.tlog
c:\users\s152227\documents\visual studio 2015\projects\code s\debug\code s.tlog\meshcontenttask-vsgraphics.read.1.tlog
c:\users\s152227\documents\visual studio 2015\projects\code s\debug\code s.tlog\meshcontenttask-vsgraphics.write.1.tlog
c:\users\s152227\documents\visual studio 2015\projects\code s\debug\code s.tlog\rc.command.1.tlog
c:\users\s152227\documents\visual studio 2015\projects\code s\debug\code s.tlog\rc.read.1.tlog
c:\users\s152227\documents\visual studio 2015\projects\code s\debug\code s.tlog\rc.write.1.tlog
